Using pip 24.2 from /home/gaq/miniconda3/envs/metis/lib/python3.10/site-packages/pip (python 3.10)
Collecting mpi4py
  Using cached mpi4py-4.0.3.tar.gz (466 kB)
  Installing build dependencies: started
  Running command pip subprocess to install build dependencies
  Using pip 24.2 from /home/gaq/miniconda3/envs/metis/lib/python3.10/site-packages/pip (python 3.10)
  Collecting setuptools>=42
    Obtaining dependency information for setuptools>=42 from https://files.pythonhosted.org/packages/a9/38/7d7362e031bd6dc121e5081d8cb6aa6f6fedf2b67bf889962134c6da4705/setuptools-75.8.2-py3-none-any.whl.metadata
    Using cached setuptools-75.8.2-py3-none-any.whl.metadata (6.7 kB)
  Collecting build
    Obtaining dependency information for build from https://files.pythonhosted.org/packages/84/c2/80633736cd183ee4a62107413def345f7e6e3c01563dbca1417363cf957e/build-1.2.2.post1-py3-none-any.whl.metadata
    Using cached build-1.2.2.post1-py3-none-any.whl.metadata (6.5 kB)
  Collecting packaging>=19.1 (from build)
    Obtaining dependency information for packaging>=19.1 from https://files.pythonhosted.org/packages/88/ef/eb23f262cca3c0c4eb7ab1933c3b1f03d021f2c48f54763065b6f0e321be/packaging-24.2-py3-none-any.whl.metadata
    Using cached packaging-24.2-py3-none-any.whl.metadata (3.2 kB)
  Collecting pyproject_hooks (from build)
    Obtaining dependency information for pyproject_hooks from https://files.pythonhosted.org/packages/bd/24/12818598c362d7f300f18e74db45963dbcb85150324092410c8b49405e42/pyproject_hooks-1.2.0-py3-none-any.whl.metadata
    Using cached pyproject_hooks-1.2.0-py3-none-any.whl.metadata (1.3 kB)
  Collecting tomli>=1.1.0 (from build)
    Obtaining dependency information for tomli>=1.1.0 from https://files.pythonhosted.org/packages/6e/c2/61d3e0f47e2b74ef40a68b9e6ad5984f6241a942f7cd3bbfbdbd03861ea9/tomli-2.2.1-py3-none-any.whl.metadata
    Using cached tomli-2.2.1-py3-none-any.whl.metadata (10 kB)
  Using cached setuptools-75.8.2-py3-none-any.whl (1.2 MB)
  Using cached build-1.2.2.post1-py3-none-any.whl (22 kB)
  Using cached packaging-24.2-py3-none-any.whl (65 kB)
  Using cached tomli-2.2.1-py3-none-any.whl (14 kB)
  Using cached pyproject_hooks-1.2.0-py3-none-any.whl (10 kB)
  Installing collected packages: tomli, setuptools, pyproject_hooks, packaging, build
    Creating /tmp/pip-build-env-mhqmu163/overlay/bin
    changing mode of /tmp/pip-build-env-mhqmu163/overlay/bin/pyproject-build to 775
  Successfully installed build-1.2.2.post1 packaging-24.2 pyproject_hooks-1.2.0 setuptools-75.8.2 tomli-2.2.1
  Installing build dependencies: finished with status 'done'
  Getting requirements to build wheel: started
  Running command Getting requirements to build wheel
  running egg_info
  writing src/mpi4py.egg-info/PKG-INFO
  writing dependency_links to src/mpi4py.egg-info/dependency_links.txt
  writing top-level names to src/mpi4py.egg-info/top_level.txt
  reading manifest file 'src/mpi4py.egg-info/SOURCES.txt'
  reading manifest template 'MANIFEST.in'
  adding license file 'LICENSE.rst'
  writing manifest file 'src/mpi4py.egg-info/SOURCES.txt'
  Getting requirements to build wheel: finished with status 'done'
  Installing backend dependencies: started
  Running command pip subprocess to install backend dependencies
  Using pip 24.2 from /home/gaq/miniconda3/envs/metis/lib/python3.10/site-packages/pip (python 3.10)
  Collecting cython>=3.0.0
    Obtaining dependency information for cython>=3.0.0 from https://files.pythonhosted.org/packages/dc/21/5b700dac60cc7af4261c7fa2e91f55fe5f38f6c183e1201ced7cc932201b/Cython-3.0.12-cp310-cp310-manylinux_2_17_x86_64.manylinux2014_x86_64.whl.metadata
    Using cached Cython-3.0.12-cp310-cp310-manylinux_2_17_x86_64.manylinux2014_x86_64.whl.metadata (3.3 kB)
  Using cached Cython-3.0.12-cp310-cp310-manylinux_2_17_x86_64.manylinux2014_x86_64.whl (3.6 MB)
  Installing collected packages: cython
    Creating /tmp/pip-build-env-mhqmu163/normal/bin
    changing mode of /tmp/pip-build-env-mhqmu163/normal/bin/cygdb to 775
    changing mode of /tmp/pip-build-env-mhqmu163/normal/bin/cython to 775
    changing mode of /tmp/pip-build-env-mhqmu163/normal/bin/cythonize to 775
  Successfully installed cython-3.0.12
  Installing backend dependencies: finished with status 'done'
  Preparing metadata (pyproject.toml): started
  Running command Preparing metadata (pyproject.toml)
  running dist_info
  creating /tmp/pip-modern-metadata-_c7jg4tf/mpi4py.egg-info
  writing /tmp/pip-modern-metadata-_c7jg4tf/mpi4py.egg-info/PKG-INFO
  writing dependency_links to /tmp/pip-modern-metadata-_c7jg4tf/mpi4py.egg-info/dependency_links.txt
  writing top-level names to /tmp/pip-modern-metadata-_c7jg4tf/mpi4py.egg-info/top_level.txt
  writing manifest file '/tmp/pip-modern-metadata-_c7jg4tf/mpi4py.egg-info/SOURCES.txt'
  reading manifest file '/tmp/pip-modern-metadata-_c7jg4tf/mpi4py.egg-info/SOURCES.txt'
  reading manifest template 'MANIFEST.in'
  adding license file 'LICENSE.rst'
  writing manifest file '/tmp/pip-modern-metadata-_c7jg4tf/mpi4py.egg-info/SOURCES.txt'
  creating '/tmp/pip-modern-metadata-_c7jg4tf/mpi4py-4.0.3.dist-info'
  Preparing metadata (pyproject.toml): finished with status 'done'
Building wheels for collected packages: mpi4py
  Building wheel for mpi4py (pyproject.toml): started
  Running command Building wheel for mpi4py (pyproject.toml)
  running bdist_wheel
  running build
  running build_src
  using Cython 3.0.12
  cythonizing 'src/mpi4py/MPI.pyx' -> 'src/mpi4py/MPI.c'
  running build_py
  creating build/lib.linux-x86_64-cpython-310/mpi4py
  copying src/mpi4py/typing.py -> build/lib.linux-x86_64-cpython-310/mpi4py
  copying src/mpi4py/run.py -> build/lib.linux-x86_64-cpython-310/mpi4py
  copying src/mpi4py/__main__.py -> build/lib.linux-x86_64-cpython-310/mpi4py
  copying src/mpi4py/bench.py -> build/lib.linux-x86_64-cpython-310/mpi4py
  copying src/mpi4py/__init__.py -> build/lib.linux-x86_64-cpython-310/mpi4py
  creating build/lib.linux-x86_64-cpython-310/mpi4py/futures
  copying src/mpi4py/futures/_core.py -> build/lib.linux-x86_64-cpython-310/mpi4py/futures
  copying src/mpi4py/futures/aplus.py -> build/lib.linux-x86_64-cpython-310/mpi4py/futures
  copying src/mpi4py/futures/util.py -> build/lib.linux-x86_64-cpython-310/mpi4py/futures
  copying src/mpi4py/futures/server.py -> build/lib.linux-x86_64-cpython-310/mpi4py/futures
  copying src/mpi4py/futures/__main__.py -> build/lib.linux-x86_64-cpython-310/mpi4py/futures
  copying src/mpi4py/futures/_base.py -> build/lib.linux-x86_64-cpython-310/mpi4py/futures
  copying src/mpi4py/futures/pool.py -> build/lib.linux-x86_64-cpython-310/mpi4py/futures
  copying src/mpi4py/futures/__init__.py -> build/lib.linux-x86_64-cpython-310/mpi4py/futures
  creating build/lib.linux-x86_64-cpython-310/mpi4py/util
  copying src/mpi4py/util/sync.py -> build/lib.linux-x86_64-cpython-310/mpi4py/util
  copying src/mpi4py/util/dtlib.py -> build/lib.linux-x86_64-cpython-310/mpi4py/util
  copying src/mpi4py/util/pool.py -> build/lib.linux-x86_64-cpython-310/mpi4py/util
  copying src/mpi4py/util/pkl5.py -> build/lib.linux-x86_64-cpython-310/mpi4py/util
  copying src/mpi4py/util/__init__.py -> build/lib.linux-x86_64-cpython-310/mpi4py/util
  copying src/mpi4py/bench.pyi -> build/lib.linux-x86_64-cpython-310/mpi4py
  copying src/mpi4py/MPI.pyi -> build/lib.linux-x86_64-cpython-310/mpi4py
  copying src/mpi4py/__init__.pyi -> build/lib.linux-x86_64-cpython-310/mpi4py
  copying src/mpi4py/run.pyi -> build/lib.linux-x86_64-cpython-310/mpi4py
  copying src/mpi4py/__main__.pyi -> build/lib.linux-x86_64-cpython-310/mpi4py
  copying src/mpi4py/typing.pyi -> build/lib.linux-x86_64-cpython-310/mpi4py
  copying src/mpi4py/py.typed -> build/lib.linux-x86_64-cpython-310/mpi4py
  copying src/mpi4py/libmpi.pxd -> build/lib.linux-x86_64-cpython-310/mpi4py
  copying src/mpi4py/MPI.pxd -> build/lib.linux-x86_64-cpython-310/mpi4py
  copying src/mpi4py/__init__.pxd -> build/lib.linux-x86_64-cpython-310/mpi4py
  copying src/mpi4py/MPI_api.h -> build/lib.linux-x86_64-cpython-310/mpi4py
  copying src/mpi4py/MPI.h -> build/lib.linux-x86_64-cpython-310/mpi4py
  creating build/lib.linux-x86_64-cpython-310/mpi4py/include/mpi4py
  copying src/mpi4py/include/mpi4py/mpi4py.h -> build/lib.linux-x86_64-cpython-310/mpi4py/include/mpi4py
  copying src/mpi4py/include/mpi4py/pycapi.h -> build/lib.linux-x86_64-cpython-310/mpi4py/include/mpi4py
  copying src/mpi4py/include/mpi4py/mpi4py.i -> build/lib.linux-x86_64-cpython-310/mpi4py/include/mpi4py
  copying src/mpi4py/include/mpi4py/mpi.pxi -> build/lib.linux-x86_64-cpython-310/mpi4py/include/mpi4py
  copying src/mpi4py/util/__init__.pyi -> build/lib.linux-x86_64-cpython-310/mpi4py/util
  copying src/mpi4py/util/dtlib.pyi -> build/lib.linux-x86_64-cpython-310/mpi4py/util
  copying src/mpi4py/util/pool.pyi -> build/lib.linux-x86_64-cpython-310/mpi4py/util
  copying src/mpi4py/util/pkl5.pyi -> build/lib.linux-x86_64-cpython-310/mpi4py/util
  copying src/mpi4py/util/sync.pyi -> build/lib.linux-x86_64-cpython-310/mpi4py/util
  copying src/mpi4py/futures/aplus.pyi -> build/lib.linux-x86_64-cpython-310/mpi4py/futures
  copying src/mpi4py/futures/util.pyi -> build/lib.linux-x86_64-cpython-310/mpi4py/futures
  copying src/mpi4py/futures/__init__.pyi -> build/lib.linux-x86_64-cpython-310/mpi4py/futures
  copying src/mpi4py/futures/server.pyi -> build/lib.linux-x86_64-cpython-310/mpi4py/futures
  copying src/mpi4py/futures/_base.pyi -> build/lib.linux-x86_64-cpython-310/mpi4py/futures
  copying src/mpi4py/futures/_core.pyi -> build/lib.linux-x86_64-cpython-310/mpi4py/futures
  copying src/mpi4py/futures/pool.pyi -> build/lib.linux-x86_64-cpython-310/mpi4py/futures
  copying src/mpi4py/futures/__main__.pyi -> build/lib.linux-x86_64-cpython-310/mpi4py/futures
  running build_ext
  MPI configuration: [mpi] from 'mpi.cfg'
  MPI C compiler:    /usr/bin/mpicc
  MPI C++ compiler:  /usr/bin/mpicxx
  checking for MPI compile and link ...
  /usr/bin/mpicc -pthread -B /home/gaq/miniconda3/envs/metis/compiler_compat -Wno-unused-result -Wsign-compare -DNDEBUG -fwrapv -O2 -Wall -fPIC -O2 -isystem /home/gaq/miniconda3/envs/metis/include -fPIC -O2 -isystem /home/gaq/miniconda3/envs/metis/include -fPIC -I/home/gaq/miniconda3/envs/metis/include/python3.10 -c _configtest.c -o _configtest.o
  success!
  removing: _configtest.c _configtest.o
  /usr/bin/mpicc -pthread -B /home/gaq/miniconda3/envs/metis/compiler_compat -Wno-unused-result -Wsign-compare -DNDEBUG -fwrapv -O2 -Wall -fPIC -O2 -isystem /home/gaq/miniconda3/envs/metis/include -fPIC -O2 -isystem /home/gaq/miniconda3/envs/metis/include -fPIC -I/home/gaq/miniconda3/envs/metis/include/python3.10 -c _configtest.c -o _configtest.o
  /usr/bin/mpicc -pthread -B /home/gaq/miniconda3/envs/metis/compiler_compat _configtest.o -o _configtest
  success!
  removing: _configtest.c _configtest.o _configtest
  checking for MPI ABI support ...
  /usr/bin/mpicc -pthread -B /home/gaq/miniconda3/envs/metis/compiler_compat -Wno-unused-result -Wsign-compare -DNDEBUG -fwrapv -O2 -Wall -fPIC -O2 -isystem /home/gaq/miniconda3/envs/metis/include -fPIC -O2 -isystem /home/gaq/miniconda3/envs/metis/include -fPIC -I/home/gaq/miniconda3/envs/metis/include/python3.10 -c _configtest.c -o _configtest.o
  failure.
  removing: _configtest.c _configtest.o
  /usr/bin/mpicc -pthread -B /home/gaq/miniconda3/envs/metis/compiler_compat -Wno-unused-result -Wsign-compare -DNDEBUG -fwrapv -O2 -Wall -fPIC -O2 -isystem /home/gaq/miniconda3/envs/metis/include -fPIC -O2 -isystem /home/gaq/miniconda3/envs/metis/include -fPIC -I/home/gaq/miniconda3/envs/metis/include/python3.10 -c _configtest.c -o _configtest.o
  success!
  removing: _configtest.c _configtest.o
  checking for missing MPI functions/symbols ...
  checking for function 'MPI_Type_create_f90_integer' ...
  /usr/bin/mpicc -pthread -B /home/gaq/miniconda3/envs/metis/compiler_compat -Wno-unused-result -Wsign-compare -DNDEBUG -fwrapv -O2 -Wall -fPIC -O2 -isystem /home/gaq/miniconda3/envs/metis/include -fPIC -O2 -isystem /home/gaq/miniconda3/envs/metis/include -fPIC -I/home/gaq/miniconda3/envs/metis/include/python3.10 -c _configtest.c -o _configtest.o
  /usr/bin/mpicc -pthread -B /home/gaq/miniconda3/envs/metis/compiler_compat _configtest.o -o _configtest
  success!
  removing: _configtest.c _configtest.o _configtest
  checking for function 'MPI_Type_create_f90_real' ...
  /usr/bin/mpicc -pthread -B /home/gaq/miniconda3/envs/metis/compiler_compat -Wno-unused-result -Wsign-compare -DNDEBUG -fwrapv -O2 -Wall -fPIC -O2 -isystem /home/gaq/miniconda3/envs/metis/include -fPIC -O2 -isystem /home/gaq/miniconda3/envs/metis/include -fPIC -I/home/gaq/miniconda3/envs/metis/include/python3.10 -c _configtest.c -o _configtest.o
  /usr/bin/mpicc -pthread -B /home/gaq/miniconda3/envs/metis/compiler_compat _configtest.o -o _configtest
  success!
  removing: _configtest.c _configtest.o _configtest
  checking for function 'MPI_Type_create_f90_complex' ...
  /usr/bin/mpicc -pthread -B /home/gaq/miniconda3/envs/metis/compiler_compat -Wno-unused-result -Wsign-compare -DNDEBUG -fwrapv -O2 -Wall -fPIC -O2 -isystem /home/gaq/miniconda3/envs/metis/include -fPIC -O2 -isystem /home/gaq/miniconda3/envs/metis/include -fPIC -I/home/gaq/miniconda3/envs/metis/include/python3.10 -c _configtest.c -o _configtest.o
  /usr/bin/mpicc -pthread -B /home/gaq/miniconda3/envs/metis/compiler_compat _configtest.o -o _configtest
  success!
  removing: _configtest.c _configtest.o _configtest
  checking for function 'MPI_Status_c2f' ...
  /usr/bin/mpicc -pthread -B /home/gaq/miniconda3/envs/metis/compiler_compat -Wno-unused-result -Wsign-compare -DNDEBUG -fwrapv -O2 -Wall -fPIC -O2 -isystem /home/gaq/miniconda3/envs/metis/include -fPIC -O2 -isystem /home/gaq/miniconda3/envs/metis/include -fPIC -I/home/gaq/miniconda3/envs/metis/include/python3.10 -c _configtest.c -o _configtest.o
  /usr/bin/mpicc -pthread -B /home/gaq/miniconda3/envs/metis/compiler_compat _configtest.o -o _configtest
  success!
  removing: _configtest.c _configtest.o _configtest
  checking for function 'MPI_Status_f2c' ...
  /usr/bin/mpicc -pthread -B /home/gaq/miniconda3/envs/metis/compiler_compat -Wno-unused-result -Wsign-compare -DNDEBUG -fwrapv -O2 -Wall -fPIC -O2 -isystem /home/gaq/miniconda3/envs/metis/include -fPIC -O2 -isystem /home/gaq/miniconda3/envs/metis/include -fPIC -I/home/gaq/miniconda3/envs/metis/include/python3.10 -c _configtest.c -o _configtest.o
  /usr/bin/mpicc -pthread -B /home/gaq/miniconda3/envs/metis/compiler_compat _configtest.o -o _configtest
  success!
  removing: _configtest.c _configtest.o _configtest
  checking for dlopen() availability ...
  checking for header 'dlfcn.h' ...
  /usr/bin/mpicc -pthread -B /home/gaq/miniconda3/envs/metis/compiler_compat -Wno-unused-result -Wsign-compare -DNDEBUG -fwrapv -O2 -Wall -fPIC -O2 -isystem /home/gaq/miniconda3/envs/metis/include -fPIC -O2 -isystem /home/gaq/miniconda3/envs/metis/include -fPIC -I/home/gaq/miniconda3/envs/metis/include/python3.10 -c _configtest.c -o _configtest.o
  success!
  removing: _configtest.c _configtest.o
  success!
  checking for library 'dl' ...
  /usr/bin/mpicc -pthread -B /home/gaq/miniconda3/envs/metis/compiler_compat -Wno-unused-result -Wsign-compare -DNDEBUG -fwrapv -O2 -Wall -fPIC -O2 -isystem /home/gaq/miniconda3/envs/metis/include -fPIC -O2 -isystem /home/gaq/miniconda3/envs/metis/include -fPIC -I/home/gaq/miniconda3/envs/metis/include/python3.10 -c _configtest.c -o _configtest.o
  /usr/bin/mpicc -pthread -B /home/gaq/miniconda3/envs/metis/compiler_compat _configtest.o -ldl -o _configtest
  success!
  removing: _configtest.c _configtest.o _configtest
  checking for function 'dlopen' ...
  /usr/bin/mpicc -pthread -B /home/gaq/miniconda3/envs/metis/compiler_compat -Wno-unused-result -Wsign-compare -DNDEBUG -fwrapv -O2 -Wall -fPIC -O2 -isystem /home/gaq/miniconda3/envs/metis/include -fPIC -O2 -isystem /home/gaq/miniconda3/envs/metis/include -fPIC -I/home/gaq/miniconda3/envs/metis/include/python3.10 -c _configtest.c -o _configtest.o
  /usr/bin/mpicc -pthread -B /home/gaq/miniconda3/envs/metis/compiler_compat _configtest.o -ldl -o _configtest
  success!
  removing: _configtest.c _configtest.o _configtest
  building 'mpi4py.MPI' extension
  creating build/temp.linux-x86_64-cpython-310/src/mpi4py
  /usr/bin/mpicc -pthread -B /home/gaq/miniconda3/envs/metis/compiler_compat -Wno-unused-result -Wsign-compare -DNDEBUG -fwrapv -O2 -Wall -fPIC -O2 -isystem /home/gaq/miniconda3/envs/metis/include -fPIC -O2 -isystem /home/gaq/miniconda3/envs/metis/include -fPIC -DHAVE_DLFCN_H=1 -DHAVE_DLOPEN=1 -Isrc -I/home/gaq/miniconda3/envs/metis/include/python3.10 -c src/mpi4py/MPI.c -o build/temp.linux-x86_64-cpython-310/src/mpi4py/MPI.o
  /usr/bin/mpicc -pthread -B /home/gaq/miniconda3/envs/metis/compiler_compat -shared -Wl,-rpath,/home/gaq/miniconda3/envs/metis/lib -Wl,-rpath-link,/home/gaq/miniconda3/envs/metis/lib -L/home/gaq/miniconda3/envs/metis/lib -Wl,-rpath,/home/gaq/miniconda3/envs/metis/lib -Wl,-rpath-link,/home/gaq/miniconda3/envs/metis/lib -L/home/gaq/miniconda3/envs/metis/lib build/temp.linux-x86_64-cpython-310/src/mpi4py/MPI.o -o build/lib.linux-x86_64-cpython-310/mpi4py/MPI.cpython-310-x86_64-linux-gnu.so
  installing to build/bdist.linux-x86_64/wheel
  running install
  running install_lib
  creating build/bdist.linux-x86_64/wheel
  creating build/bdist.linux-x86_64/wheel/mpi4py
  copying build/lib.linux-x86_64-cpython-310/mpi4py/MPI.cpython-310-x86_64-linux-gnu.so -> build/bdist.linux-x86_64/wheel/./mpi4py
  copying build/lib.linux-x86_64-cpython-310/mpi4py/libmpi.pxd -> build/bdist.linux-x86_64/wheel/./mpi4py
  copying build/lib.linux-x86_64-cpython-310/mpi4py/bench.pyi -> build/bdist.linux-x86_64/wheel/./mpi4py
  copying build/lib.linux-x86_64-cpython-310/mpi4py/MPI.pyi -> build/bdist.linux-x86_64/wheel/./mpi4py
  copying build/lib.linux-x86_64-cpython-310/mpi4py/MPI.pxd -> build/bdist.linux-x86_64/wheel/./mpi4py
  copying build/lib.linux-x86_64-cpython-310/mpi4py/MPI_api.h -> build/bdist.linux-x86_64/wheel/./mpi4py
  creating build/bdist.linux-x86_64/wheel/mpi4py/util
  copying build/lib.linux-x86_64-cpython-310/mpi4py/util/__init__.pyi -> build/bdist.linux-x86_64/wheel/./mpi4py/util
  copying build/lib.linux-x86_64-cpython-310/mpi4py/util/dtlib.pyi -> build/bdist.linux-x86_64/wheel/./mpi4py/util
  copying build/lib.linux-x86_64-cpython-310/mpi4py/util/pool.pyi -> build/bdist.linux-x86_64/wheel/./mpi4py/util
  copying build/lib.linux-x86_64-cpython-310/mpi4py/util/pkl5.pyi -> build/bdist.linux-x86_64/wheel/./mpi4py/util
  copying build/lib.linux-x86_64-cpython-310/mpi4py/util/sync.py -> build/bdist.linux-x86_64/wheel/./mpi4py/util
  copying build/lib.linux-x86_64-cpython-310/mpi4py/util/dtlib.py -> build/bdist.linux-x86_64/wheel/./mpi4py/util
  copying build/lib.linux-x86_64-cpython-310/mpi4py/util/pool.py -> build/bdist.linux-x86_64/wheel/./mpi4py/util
  copying build/lib.linux-x86_64-cpython-310/mpi4py/util/pkl5.py -> build/bdist.linux-x86_64/wheel/./mpi4py/util
  copying build/lib.linux-x86_64-cpython-310/mpi4py/util/sync.pyi -> build/bdist.linux-x86_64/wheel/./mpi4py/util
  copying build/lib.linux-x86_64-cpython-310/mpi4py/util/__init__.py -> build/bdist.linux-x86_64/wheel/./mpi4py/util
  copying build/lib.linux-x86_64-cpython-310/mpi4py/__init__.pyi -> build/bdist.linux-x86_64/wheel/./mpi4py
  copying build/lib.linux-x86_64-cpython-310/mpi4py/py.typed -> build/bdist.linux-x86_64/wheel/./mpi4py
  copying build/lib.linux-x86_64-cpython-310/mpi4py/typing.py -> build/bdist.linux-x86_64/wheel/./mpi4py
  creating build/bdist.linux-x86_64/wheel/mpi4py/include
  creating build/bdist.linux-x86_64/wheel/mpi4py/include/mpi4py
  copying build/lib.linux-x86_64-cpython-310/mpi4py/include/mpi4py/mpi4py.h -> build/bdist.linux-x86_64/wheel/./mpi4py/include/mpi4py
  copying build/lib.linux-x86_64-cpython-310/mpi4py/include/mpi4py/mpi4py.i -> build/bdist.linux-x86_64/wheel/./mpi4py/include/mpi4py
  copying build/lib.linux-x86_64-cpython-310/mpi4py/include/mpi4py/pycapi.h -> build/bdist.linux-x86_64/wheel/./mpi4py/include/mpi4py
  copying build/lib.linux-x86_64-cpython-310/mpi4py/include/mpi4py/mpi.pxi -> build/bdist.linux-x86_64/wheel/./mpi4py/include/mpi4py
  creating build/bdist.linux-x86_64/wheel/mpi4py/futures
  copying build/lib.linux-x86_64-cpython-310/mpi4py/futures/aplus.pyi -> build/bdist.linux-x86_64/wheel/./mpi4py/futures
  copying build/lib.linux-x86_64-cpython-310/mpi4py/futures/util.pyi -> build/bdist.linux-x86_64/wheel/./mpi4py/futures
  copying build/lib.linux-x86_64-cpython-310/mpi4py/futures/_core.py -> build/bdist.linux-x86_64/wheel/./mpi4py/futures
  copying build/lib.linux-x86_64-cpython-310/mpi4py/futures/aplus.py -> build/bdist.linux-x86_64/wheel/./mpi4py/futures
  copying build/lib.linux-x86_64-cpython-310/mpi4py/futures/__init__.pyi -> build/bdist.linux-x86_64/wheel/./mpi4py/futures
  copying build/lib.linux-x86_64-cpython-310/mpi4py/futures/server.pyi -> build/bdist.linux-x86_64/wheel/./mpi4py/futures
  copying build/lib.linux-x86_64-cpython-310/mpi4py/futures/_base.pyi -> build/bdist.linux-x86_64/wheel/./mpi4py/futures
  copying build/lib.linux-x86_64-cpython-310/mpi4py/futures/util.py -> build/bdist.linux-x86_64/wheel/./mpi4py/futures
  copying build/lib.linux-x86_64-cpython-310/mpi4py/futures/_core.pyi -> build/bdist.linux-x86_64/wheel/./mpi4py/futures
  copying build/lib.linux-x86_64-cpython-310/mpi4py/futures/server.py -> build/bdist.linux-x86_64/wheel/./mpi4py/futures
  copying build/lib.linux-x86_64-cpython-310/mpi4py/futures/__main__.py -> build/bdist.linux-x86_64/wheel/./mpi4py/futures
  copying build/lib.linux-x86_64-cpython-310/mpi4py/futures/pool.pyi -> build/bdist.linux-x86_64/wheel/./mpi4py/futures
  copying build/lib.linux-x86_64-cpython-310/mpi4py/futures/__main__.pyi -> build/bdist.linux-x86_64/wheel/./mpi4py/futures
  copying build/lib.linux-x86_64-cpython-310/mpi4py/futures/_base.py -> build/bdist.linux-x86_64/wheel/./mpi4py/futures
  copying build/lib.linux-x86_64-cpython-310/mpi4py/futures/pool.py -> build/bdist.linux-x86_64/wheel/./mpi4py/futures
  copying build/lib.linux-x86_64-cpython-310/mpi4py/futures/__init__.py -> build/bdist.linux-x86_64/wheel/./mpi4py/futures
  copying build/lib.linux-x86_64-cpython-310/mpi4py/run.py -> build/bdist.linux-x86_64/wheel/./mpi4py
  copying build/lib.linux-x86_64-cpython-310/mpi4py/__main__.py -> build/bdist.linux-x86_64/wheel/./mpi4py
  copying build/lib.linux-x86_64-cpython-310/mpi4py/bench.py -> build/bdist.linux-x86_64/wheel/./mpi4py
  copying build/lib.linux-x86_64-cpython-310/mpi4py/MPI.h -> build/bdist.linux-x86_64/wheel/./mpi4py
  copying build/lib.linux-x86_64-cpython-310/mpi4py/run.pyi -> build/bdist.linux-x86_64/wheel/./mpi4py
  copying build/lib.linux-x86_64-cpython-310/mpi4py/__init__.pxd -> build/bdist.linux-x86_64/wheel/./mpi4py
  copying build/lib.linux-x86_64-cpython-310/mpi4py/__main__.pyi -> build/bdist.linux-x86_64/wheel/./mpi4py
  copying build/lib.linux-x86_64-cpython-310/mpi4py/typing.pyi -> build/bdist.linux-x86_64/wheel/./mpi4py
  copying build/lib.linux-x86_64-cpython-310/mpi4py/__init__.py -> build/bdist.linux-x86_64/wheel/./mpi4py
  running install_egg_info
  running egg_info
  writing src/mpi4py.egg-info/PKG-INFO
  writing dependency_links to src/mpi4py.egg-info/dependency_links.txt
  writing top-level names to src/mpi4py.egg-info/top_level.txt
  reading manifest file 'src/mpi4py.egg-info/SOURCES.txt'
  reading manifest template 'MANIFEST.in'
  adding license file 'LICENSE.rst'
  writing manifest file 'src/mpi4py.egg-info/SOURCES.txt'
  Copying src/mpi4py.egg-info to build/bdist.linux-x86_64/wheel/./mpi4py-4.0.3-py3.10.egg-info
  running install_scripts
  creating build/bdist.linux-x86_64/wheel/mpi4py-4.0.3.dist-info/WHEEL
  creating '/tmp/pip-wheel-ilha20xm/.tmp-f9ceefwb/mpi4py-4.0.3-cp310-cp310-linux_x86_64.whl' and adding 'build/bdist.linux-x86_64/wheel' to it
  adding 'mpi4py/MPI.cpython-310-x86_64-linux-gnu.so'
  adding 'mpi4py/MPI.h'
  adding 'mpi4py/MPI.pxd'
  adding 'mpi4py/MPI.pyi'
  adding 'mpi4py/MPI_api.h'
  adding 'mpi4py/__init__.pxd'
  adding 'mpi4py/__init__.py'
  adding 'mpi4py/__init__.pyi'
  adding 'mpi4py/__main__.py'
  adding 'mpi4py/__main__.pyi'
  adding 'mpi4py/bench.py'
  adding 'mpi4py/bench.pyi'
  adding 'mpi4py/libmpi.pxd'
  adding 'mpi4py/py.typed'
  adding 'mpi4py/run.py'
  adding 'mpi4py/run.pyi'
  adding 'mpi4py/typing.py'
  adding 'mpi4py/typing.pyi'
  adding 'mpi4py/futures/__init__.py'
  adding 'mpi4py/futures/__init__.pyi'
  adding 'mpi4py/futures/__main__.py'
  adding 'mpi4py/futures/__main__.pyi'
  adding 'mpi4py/futures/_base.py'
  adding 'mpi4py/futures/_base.pyi'
  adding 'mpi4py/futures/_core.py'
  adding 'mpi4py/futures/_core.pyi'
  adding 'mpi4py/futures/aplus.py'
  adding 'mpi4py/futures/aplus.pyi'
  adding 'mpi4py/futures/pool.py'
  adding 'mpi4py/futures/pool.pyi'
  adding 'mpi4py/futures/server.py'
  adding 'mpi4py/futures/server.pyi'
  adding 'mpi4py/futures/util.py'
  adding 'mpi4py/futures/util.pyi'
  adding 'mpi4py/include/mpi4py/mpi.pxi'
  adding 'mpi4py/include/mpi4py/mpi4py.h'
  adding 'mpi4py/include/mpi4py/mpi4py.i'
  adding 'mpi4py/include/mpi4py/pycapi.h'
  adding 'mpi4py/util/__init__.py'
  adding 'mpi4py/util/__init__.pyi'
  adding 'mpi4py/util/dtlib.py'
  adding 'mpi4py/util/dtlib.pyi'
  adding 'mpi4py/util/pkl5.py'
  adding 'mpi4py/util/pkl5.pyi'
  adding 'mpi4py/util/pool.py'
  adding 'mpi4py/util/pool.pyi'
  adding 'mpi4py/util/sync.py'
  adding 'mpi4py/util/sync.pyi'
  adding 'mpi4py-4.0.3.dist-info/LICENSE.rst'
  adding 'mpi4py-4.0.3.dist-info/METADATA'
  adding 'mpi4py-4.0.3.dist-info/WHEEL'
  adding 'mpi4py-4.0.3.dist-info/top_level.txt'
  adding 'mpi4py-4.0.3.dist-info/RECORD'
  removing build/bdist.linux-x86_64/wheel
  Building wheel for mpi4py (pyproject.toml): finished with status 'done'
  Created wheel for mpi4py: filename=mpi4py-4.0.3-cp310-cp310-linux_x86_64.whl size=985221 sha256=3d3273e047debdcca1517aa4b81a69a89bddb429567084b8b266ed3672bda4a4
  Stored in directory: /home/gaq/.cache/pip/wheels/94/57/cc/2e34c76a8690ce2a90b200702473f579b23f8224b5058b6a6d
Successfully built mpi4py
Installing collected packages: mpi4py
Successfully installed mpi4py-4.0.3
